<?xml version="1.0" encoding="UTF-8"?>
<robot generator="Robot 7.2.2 (Python 3.11.4 on win32)" generated="2025-02-22T15:43:03.106107" rpa="false" schemaversion="5">
<suite id="s1" name="Tests" source="C:\codigos_fontes\QAx\projects\yodapp-robot\tests">
<suite id="s1-s1" name="Clique" source="C:\codigos_fontes\QAx\projects\yodapp-robot\tests\clique.robot">
<test id="s1-s1-t1" name="Deve realizar um clique simples" line="7">
<kw name="Open Application" owner="AppiumLibrary">
<kw name="Capture Page Screenshot" owner="AppiumLibrary">
<msg time="2025-02-22T15:43:03.646196" level="FAIL">No application is open</msg>
<doc>Takes a screenshot of the current page and embeds it into the log.</doc>
<status status="FAIL" start="2025-02-22T15:43:03.645155" elapsed="0.005041">No application is open</status>
</kw>
<msg time="2025-02-22T15:43:03.651192" level="WARN">Keyword 'Capture Page Screenshot' could not be run on failure: No application is open</msg>
<msg time="2025-02-22T15:43:03.652193" level="FAIL">AttributeError: 'NoneType' object has no attribute 'ca_certs'</msg>
<var>${AbrirApp}</var>
<arg>http://localhost:4723</arg>
<arg>platformName=Android</arg>
<arg>deviceName=AndroidEmulator</arg>
<arg>automationName=UIAutomator2</arg>
<arg>app=${EXECDIR}/app/yodapp-beta.apk</arg>
<arg>udid=P10C1221015000515</arg>
<arg>autoGrantPermission=true</arg>
<doc>Opens a new application to given Appium server.
Capabilities of appium server, Android and iOS,
Please check https://appium.io/docs/en/2.1/cli/args/
| *Option*            | *Man.* | *Description*     |
| remote_url          | Yes    | Appium server url |
| alias               | no     | alias             |
| strict_ssl          | No     | allows you to send commands to an invalid certificate host like a self-signed one. |</doc>
<status status="FAIL" start="2025-02-22T15:43:03.645155" elapsed="0.008003">AttributeError: 'NoneType' object has no attribute 'ca_certs'</status>
</kw>
<kw name="Wait Until Page Contains" owner="AppiumLibrary">
<arg>Yodapp</arg>
<doc>Waits until `text` appears on current page.</doc>
<status status="NOT RUN" start="2025-02-22T15:43:03.653158" elapsed="0.001050"/>
</kw>
<kw name="Click Text" owner="AppiumLibrary">
<arg>QAX</arg>
<doc>Click text identified by ``text``.</doc>
<status status="NOT RUN" start="2025-02-22T15:43:03.654208" elapsed="0.000000"/>
</kw>
<kw name="Sleep" owner="BuiltIn">
<arg>5</arg>
<doc>Pauses the test executed for the given time.</doc>
<status status="NOT RUN" start="2025-02-22T15:43:03.655170" elapsed="0.000000"/>
</kw>
<kw name="Close Application" owner="AppiumLibrary">
<doc>Closes the current application and also close webdriver session.</doc>
<status status="NOT RUN" start="2025-02-22T15:43:03.655170" elapsed="0.000000"/>
</kw>
<status status="FAIL" start="2025-02-22T15:43:03.644155" elapsed="0.012011">AttributeError: 'NoneType' object has no attribute 'ca_certs'</status>
</test>
<status status="FAIL" start="2025-02-22T15:43:03.148141" elapsed="0.509017"/>
</suite>
<suite id="s1-s2" name="Home" source="C:\codigos_fontes\QAx\projects\yodapp-robot\tests\home.robot">
<test id="s1-s2-t1" name="Deve abrir a tela principal" line="7">
<kw name="Open Application" owner="AppiumLibrary">
<kw name="Capture Page Screenshot" owner="AppiumLibrary">
<msg time="2025-02-22T15:43:03.664158" level="FAIL">No application is open</msg>
<doc>Takes a screenshot of the current page and embeds it into the log.</doc>
<status status="FAIL" start="2025-02-22T15:43:03.663155" elapsed="0.002001">No application is open</status>
</kw>
<msg time="2025-02-22T15:43:03.666155" level="WARN">Keyword 'Capture Page Screenshot' could not be run on failure: No application is open</msg>
<msg time="2025-02-22T15:43:03.667155" level="FAIL">AttributeError: 'NoneType' object has no attribute 'ca_certs'</msg>
<var>${AbrirApp}</var>
<arg>http://localhost:4723</arg>
<arg>platformName=Android</arg>
<arg>deviceName=AndroidEmulator</arg>
<arg>automationName=UIAutomator2</arg>
<arg>app=${EXECDIR}/app/yodapp-beta.apk</arg>
<arg>udid=P10C1221015000515</arg>
<arg>autoGrantPermission=true</arg>
<doc>Opens a new application to given Appium server.
Capabilities of appium server, Android and iOS,
Please check https://appium.io/docs/en/2.1/cli/args/
| *Option*            | *Man.* | *Description*     |
| remote_url          | Yes    | Appium server url |
| alias               | no     | alias             |
| strict_ssl          | No     | allows you to send commands to an invalid certificate host like a self-signed one. |</doc>
<status status="FAIL" start="2025-02-22T15:43:03.663155" elapsed="0.005037">AttributeError: 'NoneType' object has no attribute 'ca_certs'</status>
</kw>
<kw name="Wait Until Page Contains" owner="AppiumLibrary">
<arg>Yodapp</arg>
<arg>10</arg>
<doc>Waits until `text` appears on current page.</doc>
<status status="NOT RUN" start="2025-02-22T15:43:03.668192" elapsed="0.000000"/>
</kw>
<kw name="Wait Until Page Contains" owner="AppiumLibrary">
<arg>Mobile Training</arg>
<arg>10</arg>
<doc>Waits until `text` appears on current page.</doc>
<status status="NOT RUN" start="2025-02-22T15:43:03.669156" elapsed="0.000000"/>
</kw>
<kw name="Wait Until Page Contains" owner="AppiumLibrary">
<arg>by Papito</arg>
<arg>10</arg>
<doc>Waits until `text` appears on current page.</doc>
<status status="NOT RUN" start="2025-02-22T15:43:03.669156" elapsed="0.000000"/>
</kw>
<kw name="Close Application" owner="AppiumLibrary">
<doc>Closes the current application and also close webdriver session.</doc>
<status status="NOT RUN" start="2025-02-22T15:43:03.669156" elapsed="0.001006"/>
</kw>
<status status="FAIL" start="2025-02-22T15:43:03.662156" elapsed="0.008006">AttributeError: 'NoneType' object has no attribute 'ca_certs'</status>
</test>
<status status="FAIL" start="2025-02-22T15:43:03.658193" elapsed="0.014984"/>
</suite>
<status status="FAIL" start="2025-02-22T15:43:03.110109" elapsed="0.564051"/>
</suite>
<statistics>
<total>
<stat pass="0" fail="2" skip="0">All Tests</stat>
</total>
<tag>
</tag>
<suite>
<stat name="Tests" id="s1" pass="0" fail="2" skip="0">Tests</stat>
<stat name="Clique" id="s1-s1" pass="0" fail="1" skip="0">Tests.Clique</stat>
<stat name="Home" id="s1-s2" pass="0" fail="1" skip="0">Tests.Home</stat>
</suite>
</statistics>
<errors>
<msg time="2025-02-22T15:43:03.651192" level="WARN">Keyword 'Capture Page Screenshot' could not be run on failure: No application is open</msg>
<msg time="2025-02-22T15:43:03.666155" level="WARN">Keyword 'Capture Page Screenshot' could not be run on failure: No application is open</msg>
</errors>
</robot>
